#
# A fatal error has been detected by the Java Runtime Environment:
#
#  EXCEPTION_ACCESS_VIOLATION (0xc0000005) at pc=0x00007ff8ca2e2a90, pid=17228, tid=0x00000000000003cc
#
# JRE version: Java(TM) SE Runtime Environment (8.0_131-b11) (build 1.8.0_131-b11)
# Java VM: Java HotSpot(TM) 64-Bit Server VM (25.131-b11 mixed mode windows-amd64 compressed oops)
# Problematic frame:
# C  [glfw.dll+0x2a90]
#
# Failed to write core dump. Minidumps are not enabled by default on client versions of Windows
#
# If you would like to submit a bug report, please visit:
#   http://bugreport.java.com/bugreport/crash.jsp
# The crash happened outside the Java Virtual Machine in native code.
# See problematic frame for where to report the bug.
#

---------------  T H R E A D  ---------------

Current thread (0x0000000021062800):  JavaThread "Tick Thread" [_thread_in_native, id=972, stack(0x0000000021f50000,0x0000000022050000)]

siginfo: ExceptionCode=0xc0000005, reading address 0x00000000000000d2

Registers:
RAX=0x0000000000000057, RBX=0x000000001716d860, RCX=0xffffffffffffffff, RDX=0x0000000000000057
RSP=0x000000002204f020, RBP=0x000000002204f0d8, RSI=0x0000000000000108, RDI=0x0000000000000274
R8 =0xffffffffffffffff, R9 =0xffffffffffffffff, R10=0x0000000002757f48, R11=0x000000006488bd80
R12=0x0000000000000000, R13=0x000000001716d860, R14=0x000000002204f118, R15=0x0000000021062800
RIP=0x00007ff8ca2e2a90, EFLAGS=0x0000000000010293

Top of Stack: (sp=0x000000002204f020)
0x000000002204f020:   0000000017087300 0000000021062800
0x000000002204f030:   000000001716d860 0000000000000108
0x000000002204f040:   000000002204f598 0000000002757f74
0x000000002204f050:   0000000000000108 0000000000000274
0x000000002204f060:   0000000000000274 0000000002757ceb
0x000000002204f070:   0000000000000057 000000001716d860
0x000000002204f080:   0000000000000108 0000000021062800
0x000000002204f090:   0000000002757ca2 000000002204f098
0x000000002204f0a0:   000000001716d860 000000002204f118
0x000000002204f0b0:   0000000017190640 0000000000000000
0x000000002204f0c0:   000000001716d860 0000000000000000
0x000000002204f0d0:   000000002204f0f8 000000002204f160
0x000000002204f0e0:   0000000002747da0 00000000d6630a58
0x000000002204f0f0:   00000000027519d6 0000000000000057
0x000000002204f100:   ffffffffffffffff 0000000002747e70
0x000000002204f110:   00007ff8ca2e2a60 0000000000000001 

Instructions: (pc=0x00007ff8ca2e2a90)
0x00007ff8ca2e2a70:   33 d2 b9 01 00 01 00 e8 74 f1 ff ff 33 c0 48 83
0x00007ff8ca2e2a80:   c4 28 c3 8d 42 e0 3d 3c 01 00 00 77 25 48 63 c2
0x00007ff8ca2e2a90:   0f b6 4c 08 7c 80 f9 03 75 10 42 c6 44 00 7c 00
0x00007ff8ca2e2aa0:   b8 01 00 00 00 48 83 c4 28 c3 0f be c1 48 83 c4 


Register to memory mapping:

RAX=0x0000000000000057 is an unknown value
RBX={method} {0x000000001716d868} 'invokePI' '(JJI)I' in 'org/lwjgl/system/JNI'
RCX=0xffffffffffffffff is an unknown value
RDX=0x0000000000000057 is an unknown value
RSP=0x000000002204f020 is pointing into the stack for thread: 0x0000000021062800
RBP=0x000000002204f0d8 is pointing into the stack for thread: 0x0000000021062800
RSI=0x0000000000000108 is an unknown value
RDI=0x0000000000000274 is an unknown value
R8 =0xffffffffffffffff is an unknown value
R9 =0xffffffffffffffff is an unknown value
R10=0x0000000002757f48 is at code_begin+840 in an Interpreter codelet
method entry point (kind = native)  [0x0000000002757c00, 0x0000000002758560]  2400 bytes
R11=0x000000006488bd80 is an unknown value
R12=0x0000000000000000 is an unknown value
R13={method} {0x000000001716d868} 'invokePI' '(JJI)I' in 'org/lwjgl/system/JNI'
R14=0x000000002204f118 is pointing into the stack for thread: 0x0000000021062800
R15=0x0000000021062800 is a thread


Stack: [0x0000000021f50000,0x0000000022050000],  sp=0x000000002204f020,  free space=1020k
Native frames: (J=compiled Java code, j=interpreted, Vv=VM code, C=native code)
C  [glfw.dll+0x2a90]
C  0x0000000002757f74

Java frames: (J=compiled Java code, j=interpreted, Vv=VM code)
j  org.lwjgl.system.JNI.invokePI(JJI)I+0
j  org.lwjgl.glfw.GLFW.glfwGetKey(JI)I+18
j  EhNew.util.Camera$1.invoke(JIIII)V+16
j  EhNew.Test.Main$LevelSample.update()V+45
j  EhNew.Engine$$Lambda$22.run()V+4
j  EhNew.util.TickManager$CallBack.run()V+116
j  java.lang.Thread.run()V+11
v  ~StubRoutines::call_stub

---------------  P R O C E S S  ---------------

Java Threads: ( => current thread )
  0x0000000002642800 JavaThread "DestroyJavaVM" [_thread_blocked, id=21016, stack(0x00000000024e0000,0x00000000025e0000)]
=>0x0000000021062800 JavaThread "Tick Thread" [_thread_in_native, id=972, stack(0x0000000021f50000,0x0000000022050000)]
  0x000000001a9db800 JavaThread "Java2D Disposer" daemon [_thread_blocked, id=1656, stack(0x0000000020a80000,0x0000000020b80000)]
  0x000000001a75d800 JavaThread "Tick Thread" [_thread_blocked, id=9384, stack(0x000000001af50000,0x000000001b050000)]
  0x0000000019628000 JavaThread "Service Thread" daemon [_thread_blocked, id=6672, stack(0x000000001a150000,0x000000001a250000)]
  0x000000001766c000 JavaThread "C1 CompilerThread3" daemon [_thread_blocked, id=5232, stack(0x000000001a050000,0x000000001a150000)]
  0x0000000019593000 JavaThread "C2 CompilerThread2" daemon [_thread_blocked, id=564, stack(0x0000000019f50000,0x000000001a050000)]
  0x000000001958d800 JavaThread "C2 CompilerThread1" daemon [_thread_blocked, id=20400, stack(0x0000000019e50000,0x0000000019f50000)]
  0x000000001958b800 JavaThread "C2 CompilerThread0" daemon [_thread_blocked, id=10928, stack(0x0000000019d50000,0x0000000019e50000)]
  0x000000001958a800 JavaThread "Attach Listener" daemon [_thread_blocked, id=20416, stack(0x0000000019c50000,0x0000000019d50000)]
  0x0000000019595800 JavaThread "Signal Dispatcher" daemon [_thread_blocked, id=9432, stack(0x0000000019b50000,0x0000000019c50000)]
  0x000000000273e000 JavaThread "Finalizer" daemon [_thread_blocked, id=20248, stack(0x0000000019960000,0x0000000019a60000)]
  0x0000000002737000 JavaThread "Reference Handler" daemon [_thread_blocked, id=18044, stack(0x0000000019460000,0x0000000019560000)]

Other Threads:
  0x0000000017659000 VMThread [stack: 0x0000000019360000,0x0000000019460000] [id=4076]
  0x0000000019644000 WatcherThread [stack: 0x000000001a250000,0x000000001a350000] [id=2480]

VM state:not at safepoint (normal execution)

VM Mutex/Monitor currently owned by a thread: None

Heap:
 PSYoungGen      total 37888K, used 19138K [0x00000000d6100000, 0x00000000d8b00000, 0x0000000100000000)
  eden space 32768K, 58% used [0x00000000d6100000,0x00000000d73b0b48,0x00000000d8100000)
  from space 5120K, 0% used [0x00000000d8600000,0x00000000d8600000,0x00000000d8b00000)
  to   space 5120K, 0% used [0x00000000d8100000,0x00000000d8100000,0x00000000d8600000)
 ParOldGen       total 86016K, used 0K [0x0000000082200000, 0x0000000087600000, 0x00000000d6100000)
  object space 86016K, 0% used [0x0000000082200000,0x0000000082200000,0x0000000087600000)
 Metaspace       used 11602K, capacity 11835K, committed 12032K, reserved 1060864K
  class space    used 1124K, capacity 1207K, committed 1280K, reserved 1048576K

Card table byte_map: [0x0000000011b00000,0x0000000011ef0000] byte_map_base: 0x00000000116ef000

Marking Bits: (ParMarkBitMap*) 0x0000000064e7c720
 Begin Bits: [0x0000000012990000, 0x0000000014908000)
 End Bits:   [0x0000000014908000, 0x0000000016880000)

Polling page: 0x0000000000d10000

CodeCache: size=245760Kb used=3240Kb max_used=3264Kb free=242519Kb
 bounds [0x0000000002740000, 0x0000000002a80000, 0x0000000011740000]
 total_blobs=1738 nmethods=807 adapters=844
 compilation: enabled

Compilation events (10 events):
Event: 0.843 Thread 0x000000001766c000  802       3       EhNew.math.Vec3::negate (28 bytes)
Event: 0.843 Thread 0x000000001766c000 nmethod 802 0x0000000002a55990 code [0x0000000002a55b00, 0x0000000002a55c90]
Event: 0.843 Thread 0x000000001766c000  804       3       EhNew.math.Vec3::cross (79 bytes)
Event: 0.843 Thread 0x000000001766c000 nmethod 804 0x0000000002a62290 code [0x0000000002a62400, 0x0000000002a626d0]
Event: 0.843 Thread 0x000000001958d800 nmethod 805 0x0000000002a5ee10 code [0x0000000002a5ef60, 0x0000000002a5f078]
Event: 0.843 Thread 0x000000001958d800  806       4       EhNew.math.Vec3::negate (28 bytes)
Event: 0.844 Thread 0x000000001958d800 nmethod 806 0x0000000002a5ebd0 code [0x0000000002a5ed20, 0x0000000002a5edb8]
Event: 0.844 Thread 0x000000001958d800  807       4       java.nio.DirectFloatBufferU::put (17 bytes)
Event: 0.845 Thread 0x000000001958d800 nmethod 807 0x0000000002a5e950 code [0x0000000002a5ea80, 0x0000000002a5eb38]
Event: 0.862 Thread 0x000000001958b800 nmethod 782 0x0000000002a69890 code [0x0000000002a69a20, 0x0000000002a6b198]

GC Heap History (0 events):
No events

Deoptimization events (3 events):
Event: 0.607 Thread 0x0000000002642800 Uncommon trap: reason=unstable_if action=reinterpret pc=0x00000000029d51ec method=java.io.BufferedInputStream.read()I @ 8
Event: 0.671 Thread 0x0000000002642800 Uncommon trap: reason=unstable_if action=reinterpret pc=0x00000000028ecef0 method=java.lang.String.indexOf([CII[CIII)I @ 3
Event: 0.827 Thread 0x000000001a75d800 Uncommon trap: reason=unstable_if action=reinterpret pc=0x0000000002a2f5c0 method=EhNew.geom.Vertex.equals(Ljava/lang/Object;)Z @ 56

Internal exceptions (10 events):
Event: 0.102 Thread 0x0000000002642800 Exception <a 'java/security/PrivilegedActionException'> (0x00000000d62bae08) thrown at [C:\re\workspace\8-2-build-windows-amd64-cygwin\jdk8u131\8869\hotspot\src\share\vm\prims\jvm.cpp, line 1390]
Event: 0.103 Thread 0x0000000002642800 Exception <a 'java/security/PrivilegedActionException'> (0x00000000d62bed18) thrown at [C:\re\workspace\8-2-build-windows-amd64-cygwin\jdk8u131\8869\hotspot\src\share\vm\prims\jvm.cpp, line 1390]
Event: 0.103 Thread 0x0000000002642800 Exception <a 'java/security/PrivilegedActionException'> (0x00000000d62bef28) thrown at [C:\re\workspace\8-2-build-windows-amd64-cygwin\jdk8u131\8869\hotspot\src\share\vm\prims\jvm.cpp, line 1390]
Event: 0.106 Thread 0x0000000002642800 Exception <a 'java/io/FileNotFoundException'> (0x00000000d62c11a0) thrown at [C:\re\workspace\8-2-build-windows-amd64-cygwin\jdk8u131\8869\hotspot\src\share\vm\prims\jni.cpp, line 709]
Event: 0.134 Thread 0x0000000002642800 Exception <a 'java/lang/NoSuchFieldError': method resolution failed> (0x00000000d638e768) thrown at [C:\re\workspace\8-2-build-windows-amd64-cygwin\jdk8u131\8869\hotspot\src\share\vm\prims\methodHandles.cpp, line 1146]
Event: 0.136 Thread 0x0000000002642800 Exception <a 'java/lang/NoSuchFieldError': method resolution failed> (0x00000000d639bf20) thrown at [C:\re\workspace\8-2-build-windows-amd64-cygwin\jdk8u131\8869\hotspot\src\share\vm\prims\methodHandles.cpp, line 1146]
Event: 0.156 Thread 0x000000001a75d800 Exception <a 'java/lang/NoSuchMethodError': java.lang.Object.lambda$static$0(Ljava/lang/String;)Ljava/lang/Boolean;> (0x00000000d6477dc0) thrown at [C:\re\workspace\8-2-build-windows-amd64-cygwin\jdk8u131\8869\hotspot\src\share\vm\interpreter\linkResolver
Event: 0.362 Thread 0x000000001a75d800 Exception <a 'sun/nio/fs/WindowsException'> (0x00000000d666df68) thrown at [C:\re\workspace\8-2-build-windows-amd64-cygwin\jdk8u131\8869\hotspot\src\share\vm\prims\jni.cpp, line 709]
Event: 0.363 Thread 0x000000001a75d800 Exception <a 'sun/nio/fs/WindowsException'> (0x00000000d666e760) thrown at [C:\re\workspace\8-2-build-windows-amd64-cygwin\jdk8u131\8869\hotspot\src\share\vm\prims\jni.cpp, line 709]
Event: 0.649 Thread 0x0000000002642800 Exception <a 'java/io/FileNotFoundException'> (0x00000000d6d7ed20) thrown at [C:\re\workspace\8-2-build-windows-amd64-cygwin\jdk8u131\8869\hotspot\src\share\vm\prims\jni.cpp, line 709]

Events (10 events):
Event: 0.835 loading class javax/imageio/ImageTypeSpecifier$Grayscale done
Event: 0.835 loading class java/awt/color/ICC_ProfileGray
Event: 0.835 loading class java/awt/color/ICC_ProfileGray done
Event: 0.862 loading class EhNew/Level
Event: 0.862 loading class EhNew/Level done
Event: 0.862 loading class EhNew/Engine
Event: 0.862 loading class EhNew/Engine done
Event: 0.863 Thread 0x0000000021062800 Thread added: 0x0000000021062800
Event: 0.863 Thread 0x0000000002642800 Thread exited: 0x0000000002642800
Event: 0.863 Thread 0x0000000002642800 Thread added: 0x0000000002642800


Dynamic libraries:
0x00007ff6345f0000 - 0x00007ff634627000 	C:\Program Files\Java\jdk1.8.0_131\bin\java.exe
0x00007ff8dff20000 - 0x00007ff8e00fb000 	C:\WINDOWS\SYSTEM32\ntdll.dll
0x00007ff8dd910000 - 0x00007ff8dd9be000 	C:\WINDOWS\System32\KERNEL32.DLL
0x00007ff8dc740000 - 0x00007ff8dc989000 	C:\WINDOWS\System32\KERNELBASE.dll
0x00007ff8dddb0000 - 0x00007ff8dde51000 	C:\WINDOWS\System32\ADVAPI32.dll
0x00007ff8ddd10000 - 0x00007ff8dddad000 	C:\WINDOWS\System32\msvcrt.dll
0x00007ff8dfd50000 - 0x00007ff8dfda9000 	C:\WINDOWS\System32\sechost.dll
0x00007ff8de110000 - 0x00007ff8de235000 	C:\WINDOWS\System32\RPCRT4.dll
0x00007ff8dfc00000 - 0x00007ff8dfd4a000 	C:\WINDOWS\System32\USER32.dll
0x00007ff8dc440000 - 0x00007ff8dc45e000 	C:\WINDOWS\System32\win32u.dll
0x00007ff8dfb20000 - 0x00007ff8dfb47000 	C:\WINDOWS\System32\GDI32.dll
0x00007ff8dcba0000 - 0x00007ff8dcd28000 	C:\WINDOWS\System32\gdi32full.dll
0x00007ff8dc6a0000 - 0x00007ff8dc73a000 	C:\WINDOWS\System32\msvcp_win.dll
0x00007ff8dc990000 - 0x00007ff8dca86000 	C:\WINDOWS\System32\ucrtbase.dll
0x00007ff8cd300000 - 0x00007ff8cd567000 	C:\WINDOWS\WinSxS\amd64_microsoft.windows.common-controls_6595b64144ccf1df_6.0.15063.0_none_108e4f62dfe5d999\COMCTL32.dll
0x00007ff8dd490000 - 0x00007ff8dd789000 	C:\WINDOWS\System32\combase.dll
0x00007ff8dc460000 - 0x00007ff8dc4ca000 	C:\WINDOWS\System32\bcryptPrimitives.dll
0x00007ff8ddf20000 - 0x00007ff8ddf4d000 	C:\WINDOWS\System32\IMM32.DLL
0x0000000064580000 - 0x0000000064652000 	C:\Program Files\Java\jdk1.8.0_131\jre\bin\msvcr100.dll
0x0000000064660000 - 0x0000000064efc000 	C:\Program Files\Java\jdk1.8.0_131\jre\bin\server\jvm.dll
0x00007ff8dda60000 - 0x00007ff8dda68000 	C:\WINDOWS\System32\PSAPI.DLL
0x00007ff8d1c20000 - 0x00007ff8d1c29000 	C:\WINDOWS\SYSTEM32\WSOCK32.dll
0x00007ff8d2280000 - 0x00007ff8d228a000 	C:\WINDOWS\SYSTEM32\VERSION.dll
0x00007ff8d4050000 - 0x00007ff8d4073000 	C:\WINDOWS\SYSTEM32\WINMM.dll
0x00007ff8dd8a0000 - 0x00007ff8dd90c000 	C:\WINDOWS\System32\WS2_32.dll
0x00007ff8d3ed0000 - 0x00007ff8d3efb000 	C:\WINDOWS\SYSTEM32\winmmbase.dll
0x00007ff8dcd30000 - 0x00007ff8dcd79000 	C:\WINDOWS\System32\cfgmgr32.dll
0x0000000064530000 - 0x000000006453f000 	C:\Program Files\Java\jdk1.8.0_131\jre\bin\verify.dll
0x0000000064500000 - 0x0000000064529000 	C:\Program Files\Java\jdk1.8.0_131\jre\bin\java.dll
0x00000000644e0000 - 0x00000000644f6000 	C:\Program Files\Java\jdk1.8.0_131\jre\bin\zip.dll
0x00007ff8de6e0000 - 0x00007ff8dfb17000 	C:\WINDOWS\System32\SHELL32.dll
0x00007ff8dfb50000 - 0x00007ff8dfbfa000 	C:\WINDOWS\System32\shcore.dll
0x00007ff8dcd80000 - 0x00007ff8dd472000 	C:\WINDOWS\System32\windows.storage.dll
0x00007ff8de0a0000 - 0x00007ff8de0f1000 	C:\WINDOWS\System32\shlwapi.dll
0x00007ff8dc390000 - 0x00007ff8dc3a1000 	C:\WINDOWS\System32\kernel.appcore.dll
0x00007ff8dc3b0000 - 0x00007ff8dc3fc000 	C:\WINDOWS\System32\powrprof.dll
0x00007ff8dc400000 - 0x00007ff8dc415000 	C:\WINDOWS\System32\profapi.dll
0x0000000064300000 - 0x0000000064498000 	C:\Program Files\Java\jdk1.8.0_131\jre\bin\awt.dll
0x00007ff8dde60000 - 0x00007ff8ddf20000 	C:\WINDOWS\System32\OLEAUT32.dll
0x00007ff8daa50000 - 0x00007ff8daace000 	C:\WINDOWS\SYSTEM32\apphelp.dll
0x00000000644c0000 - 0x00000000644da000 	C:\Program Files\Java\jdk1.8.0_131\jre\bin\net.dll
0x00007ff8dbca0000 - 0x00007ff8dbcfc000 	C:\WINDOWS\system32\mswsock.dll
0x00000000644a0000 - 0x00000000644b1000 	C:\Program Files\Java\jdk1.8.0_131\jre\bin\nio.dll
0x00007ff8ca320000 - 0x00007ff8ca378000 	C:\Users\abhia\AppData\Local\Temp\lwjglAbhishek\3.1.3-build-1\lwjgl.dll
0x00007ff8ca2e0000 - 0x00007ff8ca31d000 	C:\Users\abhia\AppData\Local\Temp\lwjglAbhishek\3.1.3-build-1\glfw.dll
0x00007ff8dabb0000 - 0x00007ff8dac45000 	C:\WINDOWS\system32\uxtheme.dll
0x00007ff8ca290000 - 0x00007ff8ca2d2000 	C:\WINDOWS\SYSTEM32\dinput8.dll
0x00007ff8d5470000 - 0x00007ff8d547e000 	C:\WINDOWS\SYSTEM32\xinput1_4.dll
0x00007ff8dae50000 - 0x00007ff8dae78000 	C:\WINDOWS\SYSTEM32\DEVOBJ.dll
0x00007ff8cee40000 - 0x00007ff8cee6a000 	C:\WINDOWS\SYSTEM32\dwmapi.dll
0x00007ff8dfdb0000 - 0x00007ff8dff16000 	C:\WINDOWS\System32\MSCTF.dll
0x00007ff8db170000 - 0x00007ff8db17d000 	C:\WINDOWS\SYSTEM32\HID.DLL
0x00007ff8de240000 - 0x00007ff8de67b000 	C:\WINDOWS\System32\SETUPAPI.DLL
0x00007ff8dcb40000 - 0x00007ff8dcb96000 	C:\WINDOWS\System32\WINTRUST.dll
0x00007ff8dc420000 - 0x00007ff8dc431000 	C:\WINDOWS\System32\MSASN1.dll
0x00007ff8dc4d0000 - 0x00007ff8dc699000 	C:\WINDOWS\System32\CRYPT32.dll
0x00007ff8cf6e0000 - 0x00007ff8cf801000 	C:\WINDOWS\SYSTEM32\opengl32.dll
0x00007ff8ceee0000 - 0x00007ff8cef0c000 	C:\WINDOWS\SYSTEM32\GLU32.dll
0x00007ff86e5a0000 - 0x00007ff86f2f0000 	C:\WINDOWS\System32\DriverStore\FileRepository\k120633.inf_amd64_8f63242758b1a817\ig9icd64.dll
0x00007ff8d8d90000 - 0x00007ff8d8da3000 	C:\WINDOWS\SYSTEM32\WTSAPI32.dll
0x00007ff8c0080000 - 0x00007ff8c11df000 	C:\WINDOWS\System32\DriverStore\FileRepository\k120633.inf_amd64_8f63242758b1a817\igc64.dll
0x00007ff8d5ea0000 - 0x00007ff8d5f22000 	C:\WINDOWS\System32\TextInputFramework.dll
0x00007ff8c40a0000 - 0x00007ff8c4372000 	C:\WINDOWS\System32\CoreUIComponents.dll
0x00007ff8da3a0000 - 0x00007ff8da483000 	C:\WINDOWS\System32\CoreMessaging.dll
0x00007ff8d5380000 - 0x00007ff8d5395000 	C:\WINDOWS\SYSTEM32\usermgrcli.dll
0x00007ff8db6f0000 - 0x00007ff8db721000 	C:\WINDOWS\SYSTEM32\ntmarta.dll
0x00007ff8d8ef0000 - 0x00007ff8d9029000 	C:\WINDOWS\SYSTEM32\wintypes.dll
0x00007ff8c9de0000 - 0x00007ff8c9e3c000 	C:\Users\abhia\AppData\Local\Temp\lwjglAbhishek\3.1.3-build-1\lwjgl_opengl.dll
0x00000000642b0000 - 0x00000000642f7000 	C:\Program Files\Java\jdk1.8.0_131\jre\bin\fontmanager.dll
0x0000000064260000 - 0x00000000642a2000 	C:\Program Files\Java\jdk1.8.0_131\jre\bin\t2k.dll
0x00007ff8dbe50000 - 0x00007ff8dbe67000 	C:\WINDOWS\SYSTEM32\CRYPTSP.dll
0x00007ff8db8c0000 - 0x00007ff8db8f4000 	C:\WINDOWS\system32\rsaenh.dll
0x00007ff8dbf50000 - 0x00007ff8dbf75000 	C:\WINDOWS\SYSTEM32\bcrypt.dll
0x00007ff8dc2c0000 - 0x00007ff8dc2e9000 	C:\WINDOWS\SYSTEM32\USERENV.dll
0x00007ff8dbe40000 - 0x00007ff8dbe4b000 	C:\WINDOWS\SYSTEM32\CRYPTBASE.dll
0x00007ff8dba40000 - 0x00007ff8dba77000 	C:\WINDOWS\SYSTEM32\IPHLPAPI.DLL
0x00007ff8de100000 - 0x00007ff8de108000 	C:\WINDOWS\System32\NSI.dll
0x00007ff8d5a50000 - 0x00007ff8d5a66000 	C:\WINDOWS\SYSTEM32\dhcpcsvc6.DLL
0x00007ff8d6a70000 - 0x00007ff8d6a8a000 	C:\WINDOWS\SYSTEM32\dhcpcsvc.DLL
0x00007ff8d8b40000 - 0x00007ff8d8ce9000 	C:\WINDOWS\SYSTEM32\dbghelp.dll

VM Arguments:
jvm_args: -Dfile.encoding=UTF-8 
java_command: EhNew.Test.Main
java_class_path (initial): D:\Coding\Java\JOGL\LWJGL 3\lwjgl-stable-2017-06-19-custom\lwjgl-glfw-natives-windows.jar;D:\Coding\Java\JOGL\LWJGL 3\lwjgl-stable-2017-06-19-custom\lwjgl-glfw.jar;D:\Coding\Java\JOGL\LWJGL 3\lwjgl-stable-2017-06-19-custom\lwjgl-natives-windows.jar;D:\Coding\Java\JOGL\LWJGL 3\lwjgl-stable-2017-06-19-custom\lwjgl-openal-natives-windows.jar;D:\Coding\Java\JOGL\LWJGL 3\lwjgl-stable-2017-06-19-custom\lwjgl-openal.jar;D:\Coding\Java\JOGL\LWJGL 3\lwjgl-stable-2017-06-19-custom\lwjgl-opencl.jar;D:\Coding\Java\JOGL\LWJGL 3\lwjgl-stable-2017-06-19-custom\lwjgl-opengl-natives-windows.jar;D:\Coding\Java\JOGL\LWJGL 3\lwjgl-stable-2017-06-19-custom\lwjgl-opengl.jar;D:\Coding\Java\JOGL\LWJGL 3\lwjgl-stable-2017-06-19-custom\lwjgl-vulkan.jar;D:\Coding\Java\JOGL\LWJGL 3\lwjgl-stable-2017-06-19-custom\lwjgl.jar;D:\Coding\Java\Projects\3DMaybe\build\classes
Launcher Type: SUN_STANDARD

Environment Variables:
PATH=C:\ProgramData\Oracle\Java\javapath;C:\Program Files (x86)\Intel\iCLS Client\;C:\Program Files\Intel\iCLS Client\;C:\Windows\system32;C:\Windows;C:\Windows\System32\Wbem;C:\Windows\System32\WindowsPowerShell\v1.0\;C:\Program Files (x86)\Intel\Intel(R) Management Engine Components\DAL;C:\Program Files\Intel\Intel(R) Management Engine Components\DAL;C:\Program Files (x86)\Intel\Intel(R) Management Engine Components\IPT;C:\Program Files\Intel\Intel(R) Management Engine Components\IPT;C:\Program Files\Intel\WiFi\bin\;C:\Program Files\Common Files\Intel\WirelessCommon\;C:\Program Files (x86)\NVIDIA Corporation\PhysX\Common;C:\WINDOWS\system32;C:\WINDOWS;C:\WINDOWS\System32\Wbem;C:\WINDOWS\System32\WindowsPowerShell\v1.0\;C:\Users\abhia\AppData\Local\Microsoft\WindowsApps;
USERNAME=Abhishek
OS=Windows_NT
PROCESSOR_IDENTIFIER=Intel64 Family 6 Model 158 Stepping 9, GenuineIntel



---------------  S Y S T E M  ---------------

OS: Windows 10.0 , 64 bit Build 15063 (10.0.15063.296)

CPU:total 8 (initial active 8) (4 cores per cpu, 2 threads per core) family 6 model 158 stepping 9, cmov, cx8, fxsr, mmx, sse, sse2, sse3, ssse3, sse4.1, sse4.2, popcnt, avx, avx2, aes, clmul, erms, 3dnowpref, lzcnt, ht, tsc, tscinvbit, bmi1, bmi2, adx

Memory: 4k page, physical 8247248k(3493888k free), swap 14014416k(6997460k free)

vm_info: Java HotSpot(TM) 64-Bit Server VM (25.131-b11) for windows-amd64 JRE (1.8.0_131-b11), built on Mar 15 2017 01:23:53 by "java_re" with MS VC++ 10.0 (VS2010)

time: Mon Jul 10 12:05:36 2017
elapsed time: 0 seconds (0d 0h 0m 0s)

