#
# A fatal error has been detected by the Java Runtime Environment:
#
#  EXCEPTION_ACCESS_VIOLATION (0xc0000005) at pc=0x00007ff8ca2e2a90, pid=20280, tid=0x00000000000034c4
#
# JRE version: Java(TM) SE Runtime Environment (8.0_131-b11) (build 1.8.0_131-b11)
# Java VM: Java HotSpot(TM) 64-Bit Server VM (25.131-b11 mixed mode windows-amd64 compressed oops)
# Problematic frame:
# C  [glfw.dll+0x2a90]
#
# Failed to write core dump. Minidumps are not enabled by default on client versions of Windows
#
# If you would like to submit a bug report, please visit:
#   http://bugreport.java.com/bugreport/crash.jsp
# The crash happened outside the Java Virtual Machine in native code.
# See problematic frame for where to report the bug.
#

---------------  T H R E A D  ---------------

Current thread (0x0000000021844000):  JavaThread "Tick Thread" [_thread_in_native, id=13508, stack(0x00000000226d0000,0x00000000227d0000)]

siginfo: ExceptionCode=0xc0000005, reading address 0x00000000000000d2

Registers:
RAX=0x0000000000000057, RBX=0x000000001792c860, RCX=0xffffffffffffffff, RDX=0x0000000000000057
RSP=0x00000000227cedf0, RBP=0x00000000227ceea8, RSI=0x0000000000000108, RDI=0x00000000000002f2
R8 =0xffffffffffffffff, R9 =0xffffffffffffffff, R10=0x0000000002f17f48, R11=0x000000006488bd80
R12=0x0000000000000000, R13=0x000000001792c860, R14=0x00000000227ceee8, R15=0x0000000021844000
RIP=0x00007ff8ca2e2a90, EFLAGS=0x0000000000010293

Top of Stack: (sp=0x00000000227cedf0)
0x00000000227cedf0:   0000000017847300 0000000021844000
0x00000000227cee00:   000000001792c860 0000000000000108
0x00000000227cee10:   00000000227cf368 0000000002f17f74
0x00000000227cee20:   0000000000000108 00000000000002f2
0x00000000227cee30:   00000000000002f2 0000000002f17ceb
0x00000000227cee40:   0000000000000057 000000001792c860
0x00000000227cee50:   0000000000000108 0000000021844000
0x00000000227cee60:   0000000002f17ca2 00000000227cee68
0x00000000227cee70:   000000001792c860 00000000227ceee8
0x00000000227cee80:   000000001794f640 0000000000000000
0x00000000227cee90:   000000001792c860 0000000000000000
0x00000000227ceea0:   00000000227ceec8 00000000227cef30
0x00000000227ceeb0:   0000000002f07da0 00000000d6630a58
0x00000000227ceec0:   0000000002f119d6 0000000000000057
0x00000000227ceed0:   ffffffffffffffff 0000000002f07e70
0x00000000227ceee0:   00007ff8ca2e2a60 0000000000000001 

Instructions: (pc=0x00007ff8ca2e2a90)
0x00007ff8ca2e2a70:   33 d2 b9 01 00 01 00 e8 74 f1 ff ff 33 c0 48 83
0x00007ff8ca2e2a80:   c4 28 c3 8d 42 e0 3d 3c 01 00 00 77 25 48 63 c2
0x00007ff8ca2e2a90:   0f b6 4c 08 7c 80 f9 03 75 10 42 c6 44 00 7c 00
0x00007ff8ca2e2aa0:   b8 01 00 00 00 48 83 c4 28 c3 0f be c1 48 83 c4 


Register to memory mapping:

RAX=0x0000000000000057 is an unknown value
RBX={method} {0x000000001792c868} 'invokePI' '(JJI)I' in 'org/lwjgl/system/JNI'
RCX=0xffffffffffffffff is an unknown value
RDX=0x0000000000000057 is an unknown value
RSP=0x00000000227cedf0 is pointing into the stack for thread: 0x0000000021844000
RBP=0x00000000227ceea8 is pointing into the stack for thread: 0x0000000021844000
RSI=0x0000000000000108 is an unknown value
RDI=0x00000000000002f2 is an unknown value
R8 =0xffffffffffffffff is an unknown value
R9 =0xffffffffffffffff is an unknown value
R10=0x0000000002f17f48 is at code_begin+840 in an Interpreter codelet
method entry point (kind = native)  [0x0000000002f17c00, 0x0000000002f18560]  2400 bytes
R11=0x000000006488bd80 is an unknown value
R12=0x0000000000000000 is an unknown value
R13={method} {0x000000001792c868} 'invokePI' '(JJI)I' in 'org/lwjgl/system/JNI'
R14=0x00000000227ceee8 is pointing into the stack for thread: 0x0000000021844000
R15=0x0000000021844000 is a thread


Stack: [0x00000000226d0000,0x00000000227d0000],  sp=0x00000000227cedf0,  free space=1019k
Native frames: (J=compiled Java code, j=interpreted, Vv=VM code, C=native code)
C  [glfw.dll+0x2a90]
C  0x0000000002f17f74

Java frames: (J=compiled Java code, j=interpreted, Vv=VM code)
j  org.lwjgl.system.JNI.invokePI(JJI)I+0
j  org.lwjgl.glfw.GLFW.glfwGetKey(JI)I+18
j  EhNew.util.Camera$1.invoke(JIIII)V+16
j  EhNew.Test.Main$LevelSample.update()V+45
j  EhNew.Engine$$Lambda$22.run()V+4
j  EhNew.util.TickManager$CallBack.run()V+116
j  java.lang.Thread.run()V+11
v  ~StubRoutines::call_stub

---------------  P R O C E S S  ---------------

Java Threads: ( => current thread )
  0x0000000002e02800 JavaThread "DestroyJavaVM" [_thread_blocked, id=4388, stack(0x0000000002ce0000,0x0000000002de0000)]
=>0x0000000021844000 JavaThread "Tick Thread" [_thread_in_native, id=13508, stack(0x00000000226d0000,0x00000000227d0000)]
  0x000000001b15a800 JavaThread "Java2D Disposer" daemon [_thread_blocked, id=852, stack(0x0000000021200000,0x0000000021300000)]
  0x000000001af84800 JavaThread "Tick Thread" [_thread_blocked, id=21384, stack(0x000000001b6e0000,0x000000001b7e0000)]
  0x0000000019db1000 JavaThread "Service Thread" daemon [_thread_blocked, id=13640, stack(0x000000001a8e0000,0x000000001a9e0000)]
  0x0000000019d26000 JavaThread "C1 CompilerThread3" daemon [_thread_blocked, id=9752, stack(0x000000001a7e0000,0x000000001a8e0000)]
  0x0000000019d1e000 JavaThread "C2 CompilerThread2" daemon [_thread_blocked, id=13304, stack(0x000000001a6e0000,0x000000001a7e0000)]
  0x0000000019d1a800 JavaThread "C2 CompilerThread1" daemon [_thread_blocked, id=13416, stack(0x000000001a5e0000,0x000000001a6e0000)]
  0x0000000019d18800 JavaThread "C2 CompilerThread0" daemon [_thread_blocked, id=10004, stack(0x000000001a4e0000,0x000000001a5e0000)]
  0x0000000019d18000 JavaThread "Attach Listener" daemon [_thread_blocked, id=2196, stack(0x000000001a3e0000,0x000000001a4e0000)]
  0x0000000019d17000 JavaThread "Signal Dispatcher" daemon [_thread_blocked, id=18360, stack(0x000000001a2e0000,0x000000001a3e0000)]
  0x0000000002ef9000 JavaThread "Finalizer" daemon [_thread_blocked, id=20800, stack(0x000000001a0f0000,0x000000001a1f0000)]
  0x0000000002ef8000 JavaThread "Reference Handler" daemon [_thread_blocked, id=21128, stack(0x0000000019bf0000,0x0000000019cf0000)]

Other Threads:
  0x0000000017e19000 VMThread [stack: 0x0000000019af0000,0x0000000019bf0000] [id=14100]
  0x0000000019de5800 WatcherThread [stack: 0x000000001a9e0000,0x000000001aae0000] [id=3344]

VM state:not at safepoint (normal execution)

VM Mutex/Monitor currently owned by a thread: None

Heap:
 PSYoungGen      total 37888K, used 19138K [0x00000000d6100000, 0x00000000d8b00000, 0x0000000100000000)
  eden space 32768K, 58% used [0x00000000d6100000,0x00000000d73b0b58,0x00000000d8100000)
  from space 5120K, 0% used [0x00000000d8600000,0x00000000d8600000,0x00000000d8b00000)
  to   space 5120K, 0% used [0x00000000d8100000,0x00000000d8100000,0x00000000d8600000)
 ParOldGen       total 86016K, used 0K [0x0000000082200000, 0x0000000087600000, 0x00000000d6100000)
  object space 86016K, 0% used [0x0000000082200000,0x0000000082200000,0x0000000087600000)
 Metaspace       used 11596K, capacity 11831K, committed 12032K, reserved 1060864K
  class space    used 1124K, capacity 1207K, committed 1280K, reserved 1048576K

Card table byte_map: [0x00000000122c0000,0x00000000126b0000] byte_map_base: 0x0000000011eaf000

Marking Bits: (ParMarkBitMap*) 0x0000000064e7c720
 Begin Bits: [0x0000000013150000, 0x00000000150c8000)
 End Bits:   [0x00000000150c8000, 0x0000000017040000)

Polling page: 0x0000000000f60000

CodeCache: size=245760Kb used=3311Kb max_used=3337Kb free=242448Kb
 bounds [0x0000000002f00000, 0x0000000003250000, 0x0000000011f00000]
 total_blobs=1741 nmethods=810 adapters=844
 compilation: enabled

Compilation events (10 events):
Event: 0.884 Thread 0x0000000019d26000  805       3       EhNew.math.Vec3::cross (79 bytes)
Event: 0.885 Thread 0x0000000019d26000 nmethod 805 0x00000000032322d0 code [0x0000000003232440, 0x0000000003232710]
Event: 0.885 Thread 0x0000000019d1e000 nmethod 806 0x000000000322e250 code [0x000000000322e3a0, 0x000000000322e4b8]
Event: 0.885 Thread 0x0000000019d1e000  807       4       EhNew.math.Vec3::negate (28 bytes)
Event: 0.885 Thread 0x0000000019d26000  808       3       EhNew.math.Vec3::negative (23 bytes)
Event: 0.885 Thread 0x0000000019d26000 nmethod 808 0x0000000003231d90 code [0x0000000003231f20, 0x00000000032321b0]
Event: 0.885 Thread 0x0000000019d1e000 nmethod 807 0x00000000031dd810 code [0x00000000031dd960, 0x00000000031dd9f8]
Event: 0.886 Thread 0x0000000019d1e000  809       4       java.nio.DirectFloatBufferU::put (17 bytes)
Event: 0.886 Thread 0x0000000019d1e000 nmethod 809 0x00000000031cf850 code [0x00000000031cf980, 0x00000000031cfa38]
Event: 0.904 Thread 0x0000000019d18800 nmethod 785 0x0000000003239cd0 code [0x0000000003239e60, 0x000000000323b638]

GC Heap History (0 events):
No events

Deoptimization events (4 events):
Event: 0.608 Thread 0x0000000002e02800 Uncommon trap: reason=unstable_if action=reinterpret pc=0x000000000318bd2c method=java.io.BufferedInputStream.read()I @ 8
Event: 0.609 Thread 0x0000000002e02800 Uncommon trap: reason=unstable_if action=reinterpret pc=0x000000000318a2d0 method=java.io.BufferedInputStream.read()I @ 8
Event: 0.676 Thread 0x0000000002e02800 Uncommon trap: reason=unstable_if action=reinterpret pc=0x00000000030a8330 method=java.lang.String.indexOf([CII[CIII)I @ 3
Event: 0.869 Thread 0x000000001af84800 Uncommon trap: reason=unstable_if action=reinterpret pc=0x00000000031fc378 method=EhNew.geom.Vertex.equals(Ljava/lang/Object;)Z @ 56

Internal exceptions (10 events):
Event: 0.104 Thread 0x0000000002e02800 Exception <a 'java/security/PrivilegedActionException'> (0x00000000d62bae30) thrown at [C:\re\workspace\8-2-build-windows-amd64-cygwin\jdk8u131\8869\hotspot\src\share\vm\prims\jvm.cpp, line 1390]
Event: 0.104 Thread 0x0000000002e02800 Exception <a 'java/security/PrivilegedActionException'> (0x00000000d62bed40) thrown at [C:\re\workspace\8-2-build-windows-amd64-cygwin\jdk8u131\8869\hotspot\src\share\vm\prims\jvm.cpp, line 1390]
Event: 0.104 Thread 0x0000000002e02800 Exception <a 'java/security/PrivilegedActionException'> (0x00000000d62bef50) thrown at [C:\re\workspace\8-2-build-windows-amd64-cygwin\jdk8u131\8869\hotspot\src\share\vm\prims\jvm.cpp, line 1390]
Event: 0.107 Thread 0x0000000002e02800 Exception <a 'java/io/FileNotFoundException'> (0x00000000d62c11c8) thrown at [C:\re\workspace\8-2-build-windows-amd64-cygwin\jdk8u131\8869\hotspot\src\share\vm\prims\jni.cpp, line 709]
Event: 0.137 Thread 0x0000000002e02800 Exception <a 'java/lang/NoSuchFieldError': method resolution failed> (0x00000000d638e768) thrown at [C:\re\workspace\8-2-build-windows-amd64-cygwin\jdk8u131\8869\hotspot\src\share\vm\prims\methodHandles.cpp, line 1146]
Event: 0.138 Thread 0x0000000002e02800 Exception <a 'java/lang/NoSuchFieldError': method resolution failed> (0x00000000d639bf20) thrown at [C:\re\workspace\8-2-build-windows-amd64-cygwin\jdk8u131\8869\hotspot\src\share\vm\prims\methodHandles.cpp, line 1146]
Event: 0.157 Thread 0x000000001af84800 Exception <a 'java/lang/NoSuchMethodError': java.lang.Object.lambda$static$0(Ljava/lang/String;)Ljava/lang/Boolean;> (0x00000000d6477dc0) thrown at [C:\re\workspace\8-2-build-windows-amd64-cygwin\jdk8u131\8869\hotspot\src\share\vm\interpreter\linkResolver
Event: 0.373 Thread 0x000000001af84800 Exception <a 'sun/nio/fs/WindowsException'> (0x00000000d666df68) thrown at [C:\re\workspace\8-2-build-windows-amd64-cygwin\jdk8u131\8869\hotspot\src\share\vm\prims\jni.cpp, line 709]
Event: 0.373 Thread 0x000000001af84800 Exception <a 'sun/nio/fs/WindowsException'> (0x00000000d666e760) thrown at [C:\re\workspace\8-2-build-windows-amd64-cygwin\jdk8u131\8869\hotspot\src\share\vm\prims\jni.cpp, line 709]
Event: 0.651 Thread 0x0000000002e02800 Exception <a 'java/io/FileNotFoundException'> (0x00000000d6d7ed20) thrown at [C:\re\workspace\8-2-build-windows-amd64-cygwin\jdk8u131\8869\hotspot\src\share\vm\prims\jni.cpp, line 709]

Events (10 events):
Event: 0.877 loading class javax/imageio/ImageTypeSpecifier$Grayscale done
Event: 0.877 loading class java/awt/color/ICC_ProfileGray
Event: 0.877 loading class java/awt/color/ICC_ProfileGray done
Event: 0.903 loading class EhNew/Level
Event: 0.903 loading class EhNew/Level done
Event: 0.904 loading class EhNew/Engine
Event: 0.904 loading class EhNew/Engine done
Event: 0.904 Thread 0x0000000021844000 Thread added: 0x0000000021844000
Event: 0.904 Thread 0x0000000002e02800 Thread exited: 0x0000000002e02800
Event: 0.904 Thread 0x0000000002e02800 Thread added: 0x0000000002e02800


Dynamic libraries:
0x00007ff6345f0000 - 0x00007ff634627000 	C:\Program Files\Java\jdk1.8.0_131\bin\java.exe
0x00007ff8dff20000 - 0x00007ff8e00fb000 	C:\WINDOWS\SYSTEM32\ntdll.dll
0x00007ff8dd910000 - 0x00007ff8dd9be000 	C:\WINDOWS\System32\KERNEL32.DLL
0x00007ff8dc740000 - 0x00007ff8dc989000 	C:\WINDOWS\System32\KERNELBASE.dll
0x00007ff8dddb0000 - 0x00007ff8dde51000 	C:\WINDOWS\System32\ADVAPI32.dll
0x00007ff8ddd10000 - 0x00007ff8dddad000 	C:\WINDOWS\System32\msvcrt.dll
0x00007ff8dfd50000 - 0x00007ff8dfda9000 	C:\WINDOWS\System32\sechost.dll
0x00007ff8de110000 - 0x00007ff8de235000 	C:\WINDOWS\System32\RPCRT4.dll
0x00007ff8dfc00000 - 0x00007ff8dfd4a000 	C:\WINDOWS\System32\USER32.dll
0x00007ff8dc440000 - 0x00007ff8dc45e000 	C:\WINDOWS\System32\win32u.dll
0x00007ff8dfb20000 - 0x00007ff8dfb47000 	C:\WINDOWS\System32\GDI32.dll
0x00007ff8dcba0000 - 0x00007ff8dcd28000 	C:\WINDOWS\System32\gdi32full.dll
0x00007ff8dc6a0000 - 0x00007ff8dc73a000 	C:\WINDOWS\System32\msvcp_win.dll
0x00007ff8dc990000 - 0x00007ff8dca86000 	C:\WINDOWS\System32\ucrtbase.dll
0x00007ff8cd300000 - 0x00007ff8cd567000 	C:\WINDOWS\WinSxS\amd64_microsoft.windows.common-controls_6595b64144ccf1df_6.0.15063.0_none_108e4f62dfe5d999\COMCTL32.dll
0x00007ff8dd490000 - 0x00007ff8dd789000 	C:\WINDOWS\System32\combase.dll
0x00007ff8dc460000 - 0x00007ff8dc4ca000 	C:\WINDOWS\System32\bcryptPrimitives.dll
0x00007ff8ddf20000 - 0x00007ff8ddf4d000 	C:\WINDOWS\System32\IMM32.DLL
0x0000000064580000 - 0x0000000064652000 	C:\Program Files\Java\jdk1.8.0_131\jre\bin\msvcr100.dll
0x0000000064660000 - 0x0000000064efc000 	C:\Program Files\Java\jdk1.8.0_131\jre\bin\server\jvm.dll
0x00007ff8dda60000 - 0x00007ff8dda68000 	C:\WINDOWS\System32\PSAPI.DLL
0x00007ff8d2280000 - 0x00007ff8d228a000 	C:\WINDOWS\SYSTEM32\VERSION.dll
0x00007ff8d4050000 - 0x00007ff8d4073000 	C:\WINDOWS\SYSTEM32\WINMM.dll
0x00007ff8d1c20000 - 0x00007ff8d1c29000 	C:\WINDOWS\SYSTEM32\WSOCK32.dll
0x00007ff8dd8a0000 - 0x00007ff8dd90c000 	C:\WINDOWS\System32\WS2_32.dll
0x00007ff8d3ed0000 - 0x00007ff8d3efb000 	C:\WINDOWS\SYSTEM32\winmmbase.dll
0x00007ff8dcd30000 - 0x00007ff8dcd79000 	C:\WINDOWS\System32\cfgmgr32.dll
0x0000000064530000 - 0x000000006453f000 	C:\Program Files\Java\jdk1.8.0_131\jre\bin\verify.dll
0x0000000064500000 - 0x0000000064529000 	C:\Program Files\Java\jdk1.8.0_131\jre\bin\java.dll
0x00000000644e0000 - 0x00000000644f6000 	C:\Program Files\Java\jdk1.8.0_131\jre\bin\zip.dll
0x00007ff8de6e0000 - 0x00007ff8dfb17000 	C:\WINDOWS\System32\SHELL32.dll
0x00007ff8dfb50000 - 0x00007ff8dfbfa000 	C:\WINDOWS\System32\shcore.dll
0x00007ff8dcd80000 - 0x00007ff8dd472000 	C:\WINDOWS\System32\windows.storage.dll
0x00007ff8de0a0000 - 0x00007ff8de0f1000 	C:\WINDOWS\System32\shlwapi.dll
0x00007ff8dc390000 - 0x00007ff8dc3a1000 	C:\WINDOWS\System32\kernel.appcore.dll
0x00007ff8dc3b0000 - 0x00007ff8dc3fc000 	C:\WINDOWS\System32\powrprof.dll
0x00007ff8dc400000 - 0x00007ff8dc415000 	C:\WINDOWS\System32\profapi.dll
0x0000000064300000 - 0x0000000064498000 	C:\Program Files\Java\jdk1.8.0_131\jre\bin\awt.dll
0x00007ff8dde60000 - 0x00007ff8ddf20000 	C:\WINDOWS\System32\OLEAUT32.dll
0x00007ff8daa50000 - 0x00007ff8daace000 	C:\WINDOWS\SYSTEM32\apphelp.dll
0x00000000644c0000 - 0x00000000644da000 	C:\Program Files\Java\jdk1.8.0_131\jre\bin\net.dll
0x00007ff8dbca0000 - 0x00007ff8dbcfc000 	C:\WINDOWS\system32\mswsock.dll
0x00000000644a0000 - 0x00000000644b1000 	C:\Program Files\Java\jdk1.8.0_131\jre\bin\nio.dll
0x00007ff8ca320000 - 0x00007ff8ca378000 	C:\Users\abhia\AppData\Local\Temp\lwjglAbhishek\3.1.3-build-1\lwjgl.dll
0x00007ff8ca2e0000 - 0x00007ff8ca31d000 	C:\Users\abhia\AppData\Local\Temp\lwjglAbhishek\3.1.3-build-1\glfw.dll
0x00007ff8dabb0000 - 0x00007ff8dac45000 	C:\WINDOWS\system32\uxtheme.dll
0x00007ff8ca290000 - 0x00007ff8ca2d2000 	C:\WINDOWS\SYSTEM32\dinput8.dll
0x00007ff8d5470000 - 0x00007ff8d547e000 	C:\WINDOWS\SYSTEM32\xinput1_4.dll
0x00007ff8dae50000 - 0x00007ff8dae78000 	C:\WINDOWS\SYSTEM32\DEVOBJ.dll
0x00007ff8cee40000 - 0x00007ff8cee6a000 	C:\WINDOWS\SYSTEM32\dwmapi.dll
0x00007ff8dfdb0000 - 0x00007ff8dff16000 	C:\WINDOWS\System32\MSCTF.dll
0x00007ff8db170000 - 0x00007ff8db17d000 	C:\WINDOWS\SYSTEM32\HID.DLL
0x00007ff8de240000 - 0x00007ff8de67b000 	C:\WINDOWS\System32\SETUPAPI.DLL
0x00007ff8dcb40000 - 0x00007ff8dcb96000 	C:\WINDOWS\System32\WINTRUST.dll
0x00007ff8dc420000 - 0x00007ff8dc431000 	C:\WINDOWS\System32\MSASN1.dll
0x00007ff8dc4d0000 - 0x00007ff8dc699000 	C:\WINDOWS\System32\CRYPT32.dll
0x00007ff8cf6e0000 - 0x00007ff8cf801000 	C:\WINDOWS\SYSTEM32\opengl32.dll
0x00007ff8ceee0000 - 0x00007ff8cef0c000 	C:\WINDOWS\SYSTEM32\GLU32.dll
0x00007ff86e5a0000 - 0x00007ff86f2f0000 	C:\WINDOWS\System32\DriverStore\FileRepository\k120633.inf_amd64_8f63242758b1a817\ig9icd64.dll
0x00007ff8d8d90000 - 0x00007ff8d8da3000 	C:\WINDOWS\SYSTEM32\WTSAPI32.dll
0x00007ff8c0080000 - 0x00007ff8c11df000 	C:\WINDOWS\System32\DriverStore\FileRepository\k120633.inf_amd64_8f63242758b1a817\igc64.dll
0x00007ff8d5ea0000 - 0x00007ff8d5f22000 	C:\WINDOWS\System32\TextInputFramework.dll
0x00007ff8c40a0000 - 0x00007ff8c4372000 	C:\WINDOWS\System32\CoreUIComponents.dll
0x00007ff8da3a0000 - 0x00007ff8da483000 	C:\WINDOWS\System32\CoreMessaging.dll
0x00007ff8db6f0000 - 0x00007ff8db721000 	C:\WINDOWS\SYSTEM32\ntmarta.dll
0x00007ff8d5380000 - 0x00007ff8d5395000 	C:\WINDOWS\SYSTEM32\usermgrcli.dll
0x00007ff8d8ef0000 - 0x00007ff8d9029000 	C:\WINDOWS\SYSTEM32\wintypes.dll
0x00007ff8c9de0000 - 0x00007ff8c9e3c000 	C:\Users\abhia\AppData\Local\Temp\lwjglAbhishek\3.1.3-build-1\lwjgl_opengl.dll
0x00000000642b0000 - 0x00000000642f7000 	C:\Program Files\Java\jdk1.8.0_131\jre\bin\fontmanager.dll
0x0000000064260000 - 0x00000000642a2000 	C:\Program Files\Java\jdk1.8.0_131\jre\bin\t2k.dll
0x00007ff8dbe50000 - 0x00007ff8dbe67000 	C:\WINDOWS\SYSTEM32\CRYPTSP.dll
0x00007ff8db8c0000 - 0x00007ff8db8f4000 	C:\WINDOWS\system32\rsaenh.dll
0x00007ff8dbf50000 - 0x00007ff8dbf75000 	C:\WINDOWS\SYSTEM32\bcrypt.dll
0x00007ff8dc2c0000 - 0x00007ff8dc2e9000 	C:\WINDOWS\SYSTEM32\USERENV.dll
0x00007ff8dbe40000 - 0x00007ff8dbe4b000 	C:\WINDOWS\SYSTEM32\CRYPTBASE.dll
0x00007ff8dba40000 - 0x00007ff8dba77000 	C:\WINDOWS\SYSTEM32\IPHLPAPI.DLL
0x00007ff8de100000 - 0x00007ff8de108000 	C:\WINDOWS\System32\NSI.dll
0x00007ff8d5a50000 - 0x00007ff8d5a66000 	C:\WINDOWS\SYSTEM32\dhcpcsvc6.DLL
0x00007ff8d6a70000 - 0x00007ff8d6a8a000 	C:\WINDOWS\SYSTEM32\dhcpcsvc.DLL
0x00007ff8d8b40000 - 0x00007ff8d8ce9000 	C:\WINDOWS\SYSTEM32\dbghelp.dll

VM Arguments:
jvm_args: -Dfile.encoding=UTF-8 
java_command: EhNew.Test.Main
java_class_path (initial): D:\Coding\Java\JOGL\LWJGL 3\lwjgl-stable-2017-06-19-custom\lwjgl-glfw-natives-windows.jar;D:\Coding\Java\JOGL\LWJGL 3\lwjgl-stable-2017-06-19-custom\lwjgl-glfw.jar;D:\Coding\Java\JOGL\LWJGL 3\lwjgl-stable-2017-06-19-custom\lwjgl-natives-windows.jar;D:\Coding\Java\JOGL\LWJGL 3\lwjgl-stable-2017-06-19-custom\lwjgl-openal-natives-windows.jar;D:\Coding\Java\JOGL\LWJGL 3\lwjgl-stable-2017-06-19-custom\lwjgl-openal.jar;D:\Coding\Java\JOGL\LWJGL 3\lwjgl-stable-2017-06-19-custom\lwjgl-opencl.jar;D:\Coding\Java\JOGL\LWJGL 3\lwjgl-stable-2017-06-19-custom\lwjgl-opengl-natives-windows.jar;D:\Coding\Java\JOGL\LWJGL 3\lwjgl-stable-2017-06-19-custom\lwjgl-opengl.jar;D:\Coding\Java\JOGL\LWJGL 3\lwjgl-stable-2017-06-19-custom\lwjgl-vulkan.jar;D:\Coding\Java\JOGL\LWJGL 3\lwjgl-stable-2017-06-19-custom\lwjgl.jar;D:\Coding\Java\Projects\3DMaybe\build\classes
Launcher Type: SUN_STANDARD

Environment Variables:
PATH=C:\ProgramData\Oracle\Java\javapath;C:\Program Files (x86)\Intel\iCLS Client\;C:\Program Files\Intel\iCLS Client\;C:\Windows\system32;C:\Windows;C:\Windows\System32\Wbem;C:\Windows\System32\WindowsPowerShell\v1.0\;C:\Program Files (x86)\Intel\Intel(R) Management Engine Components\DAL;C:\Program Files\Intel\Intel(R) Management Engine Components\DAL;C:\Program Files (x86)\Intel\Intel(R) Management Engine Components\IPT;C:\Program Files\Intel\Intel(R) Management Engine Components\IPT;C:\Program Files\Intel\WiFi\bin\;C:\Program Files\Common Files\Intel\WirelessCommon\;C:\Program Files (x86)\NVIDIA Corporation\PhysX\Common;C:\WINDOWS\system32;C:\WINDOWS;C:\WINDOWS\System32\Wbem;C:\WINDOWS\System32\WindowsPowerShell\v1.0\;C:\Users\abhia\AppData\Local\Microsoft\WindowsApps;
USERNAME=Abhishek
OS=Windows_NT
PROCESSOR_IDENTIFIER=Intel64 Family 6 Model 158 Stepping 9, GenuineIntel



---------------  S Y S T E M  ---------------

OS: Windows 10.0 , 64 bit Build 15063 (10.0.15063.296)

CPU:total 8 (initial active 8) (4 cores per cpu, 2 threads per core) family 6 model 158 stepping 9, cmov, cx8, fxsr, mmx, sse, sse2, sse3, ssse3, sse4.1, sse4.2, popcnt, avx, avx2, aes, clmul, erms, 3dnowpref, lzcnt, ht, tsc, tscinvbit, bmi1, bmi2, adx

Memory: 4k page, physical 8247248k(3482320k free), swap 14014416k(6996280k free)

vm_info: Java HotSpot(TM) 64-Bit Server VM (25.131-b11) for windows-amd64 JRE (1.8.0_131-b11), built on Mar 15 2017 01:23:53 by "java_re" with MS VC++ 10.0 (VS2010)

time: Mon Jul 10 12:06:17 2017
elapsed time: 1 seconds (0d 0h 0m 1s)

